
> thought-archive@0.0.1 build
> astro build


Auto-generating collections for folders in "src/content/" that are not defined as collections.
This is deprecated, so you should define these collections yourself in "src/content.config.ts".
The following collections have been auto-generated: [32msnippets[39m

[2m18:50:22[22m [34m[content][39m Syncing content
[33m[1m18:50:22[22m [WARN] [glob-loader][39m Duplicate id "type-1-vs-type-2-diabetes" found in C:\Users\kxcon\thought-archive-old\src\content\guides\difference-between-type-1-and-type-2-diabetes.md. Later items with the same id will overwrite earlier ones.
[33m[1m18:50:22[22m [WARN] [glob-loader][39m Duplicate id "type-1-vs-type-2-diabetes" found in C:\Users\kxcon\thought-archive-old\src\content\guides\type-1-vs-type-2-diabetes.md. Later items with the same id will overwrite earlier ones.
[2m18:50:23[22m [34m[content][39m Synced content
[2m18:50:23[22m [34m[types][39m Generated [2m1.53s[22m
[2m18:50:23[22m [34m[build][39m output: [34m"static"[39m
[2m18:50:23[22m [34m[build][39m mode: [34m"static"[39m
[2m18:50:23[22m [34m[build][39m directory: [34mC:\Users\kxcon\thought-archive-old\dist\[39m
[2m18:50:23[22m [34m[build][39m Collecting build info...
[2m18:50:23[22m [34m[build][39m [32m✓ Completed in 1.63s.[39m
[2m18:50:23[22m [34m[build][39m Building static entrypoints...
[31m[1m18:50:25[22m [ERROR] [vite][39m [31m✗[39m Build failed in 1.59s
[31m[CompilerError][39m [astro:build] Unable to assign attributes when using <> Fragment shorthand syntax!
file: C:/Users/kxcon/thought-archive-old/src/pages/posts/[...slug].astro:1:41
  [1mHint:[22m
[33m    To fix this, please change < 'EOF'
    ---
    import { getCollection, getEntryBySlug } from "astro:content";
    import { isValidDate } from "@/lib/date";
    
    import StratBox from "../../components/StratBox.astro";
    import EvidenceBox from "../../components/EvidenceBox.astro";
    
    export const prerender = true;
    
    export async function getStaticPaths() {
      const entries = await getCollection("posts", ({ data }) => to use the longhand Fragment syntax: <Fragment 'EOF'
    ---
    import { getCollection, getEntryBySlug } from "astro:content";
    import { isValidDate } from "@/lib/date";
    
    import StratBox from "../../components/StratBox.astro";
    import EvidenceBox from "../../components/EvidenceBox.astro";
    
    export const prerender = true;
    
    export async function getStaticPaths() {
      const entries = await getCollection("posts", ({ data }) =>[39m
  [1mLocation:[22m
    [4mC:/Users/kxcon/thought-archive-old/src/pages/posts/[...slug].astro:1:41[24m
  [1mStack trace:[22m
[2m    at handleCompileResultErrors (file:///C:/Users/kxcon/thought-archive-old/node_modules/astro/dist/core/compile/compile.js:64:11)
    at async compileAstro (file:///C:/Users/kxcon/thought-archive-old/node_modules/astro/dist/vite-plugin-astro/compile.js:13:23)
    at async transform (file:///C:/Users/kxcon/thought-archive-old/node_modules/rollup/dist/es/shared/node-entry.js:21062:16)[22m
